[Tue Jan 17 13:19:50 2012] [debug] GET /register (Mozilla/5.0 (Ubuntu; X11; Linux i686; rv:9.0.1) Gecko/20100101 Firefox/9.0.1).
[Tue Jan 17 13:19:50 2012] [debug] Dispatching "Life25::Site->register".
[Tue Jan 17 13:19:50 2012] [debug] Rendering template "site/register.html.ep".
[Tue Jan 17 13:19:50 2012] [debug] Rendering template "layouts/default.html.ep".
[Tue Jan 17 13:19:50 2012] [debug] 200 OK (0.553393s, 1.807/s).
[Tue Jan 17 13:44:14 2012] [debug] GET /register (Mozilla/5.0 (Ubuntu; X11; Linux i686; rv:9.0.1) Gecko/20100101 Firefox/9.0.1).
[Tue Jan 17 13:44:14 2012] [debug] Dispatching "Life25::Site->register".
[Tue Jan 17 13:44:14 2012] [debug] Rendering template "site/register.html.ep".
[Tue Jan 17 13:44:14 2012] [debug] Rendering template "layouts/default.html.ep".
[Tue Jan 17 13:44:14 2012] [debug] 200 OK (0.587324s, 1.703/s).
[Tue Jan 17 13:44:18 2012] [debug] POST /register (Mozilla/5.0 (Ubuntu; X11; Linux i686; rv:9.0.1) Gecko/20100101 Firefox/9.0.1).
[Tue Jan 17 13:44:18 2012] [debug] Dispatching "Life25::Site->register".
[Tue Jan 17 13:44:18 2012] [error] Can't locate object method "env" via package "Mojo::Message::Response" at template "site/register.html.ep" line 7, near "	</div>".
2: 
3: %		my $user = $self->stash('user');
4: %		if($self->req->method eq 'POST' && $user->error)
5: %		{
6: 	<div class="error pad1">
7: 	%=		'ENV: ' . dumper $self->res->env
8: 	</div>
9: 	<pre><code>
10: 	%#dumper $user
11: 	</code></pre>
12: 	

[Tue Jan 17 13:44:18 2012] [debug] Template "exception.development.html.ep" not found.
[Tue Jan 17 13:44:18 2012] [debug] Template "exception.html.ep" not found.
[Tue Jan 17 13:44:18 2012] [debug] Rendering inline template.
[Tue Jan 17 13:44:18 2012] [debug] 500 Internal Server Error (0.081469s, 12.275/s).
[Tue Jan 17 13:44:33 2012] [debug] POST /register (Mozilla/5.0 (Ubuntu; X11; Linux i686; rv:9.0.1) Gecko/20100101 Firefox/9.0.1).
[Tue Jan 17 13:44:33 2012] [debug] Dispatching "Life25::Site->register".
[Tue Jan 17 13:44:33 2012] [debug] Rendering template "site/register.html.ep".
[Tue Jan 17 13:44:33 2012] [debug] Rendering template "layouts/default.html.ep".
[Tue Jan 17 13:44:33 2012] [debug] 200 OK (0.616816s, 1.621/s).
[Tue Jan 17 13:45:21 2012] [debug] POST /register (Mozilla/5.0 (Ubuntu; X11; Linux i686; rv:9.0.1) Gecko/20100101 Firefox/9.0.1).
[Tue Jan 17 13:45:21 2012] [debug] Dispatching "Life25::Site->register".
[Tue Jan 17 13:45:22 2012] [debug] Rendering template "site/register.html.ep".
[Tue Jan 17 13:45:22 2012] [debug] Rendering template "layouts/default.html.ep".
[Tue Jan 17 13:45:22 2012] [debug] 200 OK (0.632252s, 1.582/s).
[Tue Jan 17 13:48:05 2012] [debug] POST /register (Mozilla/5.0 (Ubuntu; X11; Linux i686; rv:9.0.1) Gecko/20100101 Firefox/9.0.1).
[Tue Jan 17 13:48:05 2012] [debug] Dispatching "Life25::Site->register".
[Tue Jan 17 13:48:06 2012] [debug] Rendering template "site/register.html.ep".
[Tue Jan 17 13:48:06 2012] [debug] Rendering template "layouts/default.html.ep".
[Tue Jan 17 13:48:06 2012] [debug] 200 OK (0.748353s, 1.336/s).
[Tue Jan 17 13:49:23 2012] [debug] GET /register (Mozilla/5.0 (Ubuntu; X11; Linux i686; rv:9.0.1) Gecko/20100101 Firefox/9.0.1).
[Tue Jan 17 13:49:23 2012] [debug] Dispatching "Life25::Site->register".
[Tue Jan 17 13:49:24 2012] [debug] Rendering template "site/register.html.ep".
[Tue Jan 17 13:49:24 2012] [error] syntax error at template "site/register.html.ep" line 14, near "%		if(!$user->is_new && !$user->error) #".
$_M "
9: 
10: 	
11: %		}
12: 	<pre><code>
13: 	%dumper $self
14: 	</code></pre>
15: %		if(!$user->is_new && !$user->error) #
16: %		{
17: 			<h1>Вы успешно зарегистрированы!</h1>
18: %		}
19: %		else

[Tue Jan 17 13:49:24 2012] [debug] Template "exception.development.html.ep" not found.
[Tue Jan 17 13:49:24 2012] [debug] Template "exception.html.ep" not found.
[Tue Jan 17 13:49:24 2012] [debug] Rendering inline template.
[Tue Jan 17 13:49:24 2012] [debug] 500 Internal Server Error (0.604273s, 1.655/s).
[Tue Jan 17 13:49:33 2012] [debug] GET /register (Mozilla/5.0 (Ubuntu; X11; Linux i686; rv:9.0.1) Gecko/20100101 Firefox/9.0.1).
[Tue Jan 17 13:49:33 2012] [debug] Dispatching "Life25::Site->register".
[Tue Jan 17 13:49:34 2012] [debug] Rendering template "site/register.html.ep".
[Tue Jan 17 13:49:34 2012] [error] syntax error at template "site/register.html.ep" line 14, near "%		if(!$user->is_new && !$user->error) #".
$_M "
9: 
10: 	
11: %		}
12: 	<pre><code>
13: 	% dumper $self
14: 	</code></pre>
15: %		if(!$user->is_new && !$user->error) #
16: %		{
17: 			<h1>Вы успешно зарегистрированы!</h1>
18: %		}
19: %		else

[Tue Jan 17 13:49:34 2012] [debug] Template "exception.development.html.ep" not found.
[Tue Jan 17 13:49:34 2012] [debug] Template "exception.html.ep" not found.
[Tue Jan 17 13:49:34 2012] [debug] Rendering inline template.
[Tue Jan 17 13:49:34 2012] [debug] 500 Internal Server Error (0.588322s, 1.700/s).
[Tue Jan 17 13:49:51 2012] [debug] GET /register (Mozilla/5.0 (Ubuntu; X11; Linux i686; rv:9.0.1) Gecko/20100101 Firefox/9.0.1).
[Tue Jan 17 13:49:51 2012] [debug] Dispatching "Life25::Site->register".
[Tue Jan 17 13:49:51 2012] [debug] Rendering template "site/register.html.ep".
[Tue Jan 17 13:49:52 2012] [debug] Rendering template "layouts/default.html.ep".
[Tue Jan 17 13:49:52 2012] [debug] 200 OK (0.598454s, 1.671/s).
[Tue Jan 17 13:52:31 2012] [debug] GET /register (Mozilla/5.0 (Ubuntu; X11; Linux i686; rv:9.0.1) Gecko/20100101 Firefox/9.0.1).
[Tue Jan 17 13:52:31 2012] [debug] Dispatching "Life25::Site->register".
[Tue Jan 17 13:52:31 2012] [debug] Rendering template "site/register.html.ep".
[Tue Jan 17 13:52:31 2012] [debug] Rendering template "layouts/default.html.ep".
[Tue Jan 17 13:52:31 2012] [error] Can't locate object method "is_multipart" via package "remote_addres" (perhaps you forgot to load "remote_addres"?) at /usr/local/share/perl/5.10.1/Mojo/Message.pm line 46.

[Tue Jan 17 13:52:31 2012] [debug] Template "exception.development.html.ep" not found.
[Tue Jan 17 13:52:31 2012] [debug] Template "exception.html.ep" not found.
[Tue Jan 17 13:52:31 2012] [debug] Rendering inline template.
[Tue Jan 17 13:52:31 2012] [fatal] Processing request failed: Can't locate object method "is_multipart" via package "remote_addres" (perhaps you forgot to load "remote_addres"?) at /usr/local/share/perl/5.10.1/Mojo/Message.pm line 46.

[Tue Jan 17 13:52:31 2012] [error] Event "read" failed: Can't locate object method "headers" via package "remote_addres" (perhaps you forgot to load "remote_addres"?) at /usr/local/share/perl/5.10.1/Mojo/Message.pm line 266.

[Tue Jan 17 13:52:34 2012] [debug] GET /register (Mozilla/5.0 (Ubuntu; X11; Linux i686; rv:9.0.1) Gecko/20100101 Firefox/9.0.1).
[Tue Jan 17 13:52:34 2012] [debug] Dispatching "Life25::Site->register".
[Tue Jan 17 13:52:34 2012] [error] Can't locate object method "is_multipart" via package "remote_addres" (perhaps you forgot to load "remote_addres"?) at /usr/local/share/perl/5.10.1/Mojo/Message.pm line 46.

[Tue Jan 17 13:52:34 2012] [debug] Template "exception.development.html.ep" not found.
[Tue Jan 17 13:52:34 2012] [debug] Template "exception.html.ep" not found.
[Tue Jan 17 13:52:34 2012] [fatal] Processing request failed: Can't locate object method "is_multipart" via package "remote_addres" (perhaps you forgot to load "remote_addres"?) at /usr/local/share/perl/5.10.1/Mojo/Message.pm line 46.

[Tue Jan 17 13:52:34 2012] [error] Event "read" failed: Can't locate object method "headers" via package "remote_addres" (perhaps you forgot to load "remote_addres"?) at /usr/local/share/perl/5.10.1/Mojo/Message.pm line 266.

[Tue Jan 17 13:52:35 2012] [debug] GET /register (Mozilla/5.0 (Ubuntu; X11; Linux i686; rv:9.0.1) Gecko/20100101 Firefox/9.0.1).
[Tue Jan 17 13:52:35 2012] [debug] Dispatching "Life25::Site->register".
[Tue Jan 17 13:52:35 2012] [error] Can't locate object method "is_multipart" via package "remote_addres" (perhaps you forgot to load "remote_addres"?) at /usr/local/share/perl/5.10.1/Mojo/Message.pm line 46.

[Tue Jan 17 13:52:35 2012] [debug] Template "exception.development.html.ep" not found.
[Tue Jan 17 13:52:35 2012] [debug] Template "exception.html.ep" not found.
[Tue Jan 17 13:52:35 2012] [fatal] Processing request failed: Can't locate object method "is_multipart" via package "remote_addres" (perhaps you forgot to load "remote_addres"?) at /usr/local/share/perl/5.10.1/Mojo/Message.pm line 46.

[Tue Jan 17 13:52:35 2012] [error] Event "read" failed: Can't locate object method "headers" via package "remote_addres" (perhaps you forgot to load "remote_addres"?) at /usr/local/share/perl/5.10.1/Mojo/Message.pm line 266.

[Tue Jan 17 13:52:52 2012] [debug] GET /register (Mozilla/5.0 (Ubuntu; X11; Linux i686; rv:9.0.1) Gecko/20100101 Firefox/9.0.1).
[Tue Jan 17 13:52:52 2012] [debug] Dispatching "Life25::Site->register".
[Tue Jan 17 13:52:52 2012] [error] Can't locate object method "is_multipart" via package "remote_addres" (perhaps you forgot to load "remote_addres"?) at /usr/local/share/perl/5.10.1/Mojo/Message.pm line 46.

[Tue Jan 17 13:52:52 2012] [debug] Template "exception.development.html.ep" not found.
[Tue Jan 17 13:52:52 2012] [debug] Template "exception.html.ep" not found.
[Tue Jan 17 13:52:52 2012] [fatal] Processing request failed: Can't locate object method "is_multipart" via package "remote_addres" (perhaps you forgot to load "remote_addres"?) at /usr/local/share/perl/5.10.1/Mojo/Message.pm line 46.

[Tue Jan 17 13:52:52 2012] [error] Event "read" failed: Can't locate object method "headers" via package "remote_addres" (perhaps you forgot to load "remote_addres"?) at /usr/local/share/perl/5.10.1/Mojo/Message.pm line 266.

[Tue Jan 17 13:52:56 2012] [debug] GET / (Mozilla/5.0 (Ubuntu; X11; Linux i686; rv:9.0.1) Gecko/20100101 Firefox/9.0.1).
[Tue Jan 17 13:52:56 2012] [debug] Dispatching "Life25::Site->index".
[Tue Jan 17 13:52:56 2012] [debug] Rendering template "site/index.html.ep".
[Tue Jan 17 13:52:56 2012] [debug] Rendering template "layouts/default.html.ep".
[Tue Jan 17 13:52:56 2012] [debug] 200 OK (0.021096s, 47.402/s).
[Tue Jan 17 13:53:01 2012] [debug] GET /register (Mozilla/5.0 (Ubuntu; X11; Linux i686; rv:9.0.1) Gecko/20100101 Firefox/9.0.1).
[Tue Jan 17 13:53:01 2012] [debug] Dispatching "Life25::Site->register".
[Tue Jan 17 13:53:01 2012] [error] Can't locate object method "is_multipart" via package "remote_addres" (perhaps you forgot to load "remote_addres"?) at /usr/local/share/perl/5.10.1/Mojo/Message.pm line 46.

[Tue Jan 17 13:53:01 2012] [debug] Template "exception.development.html.ep" not found.
[Tue Jan 17 13:53:01 2012] [debug] Template "exception.html.ep" not found.
[Tue Jan 17 13:53:01 2012] [fatal] Processing request failed: Can't locate object method "is_multipart" via package "remote_addres" (perhaps you forgot to load "remote_addres"?) at /usr/local/share/perl/5.10.1/Mojo/Message.pm line 46.

[Tue Jan 17 13:53:01 2012] [error] Event "read" failed: Can't locate object method "headers" via package "remote_addres" (perhaps you forgot to load "remote_addres"?) at /usr/local/share/perl/5.10.1/Mojo/Message.pm line 266.

[Tue Jan 17 13:53:01 2012] [debug] GET /register (Mozilla/5.0 (Ubuntu; X11; Linux i686; rv:9.0.1) Gecko/20100101 Firefox/9.0.1).
[Tue Jan 17 13:53:01 2012] [debug] Dispatching "Life25::Site->register".
[Tue Jan 17 13:53:01 2012] [error] Can't locate object method "is_multipart" via package "remote_addres" (perhaps you forgot to load "remote_addres"?) at /usr/local/share/perl/5.10.1/Mojo/Message.pm line 46.

[Tue Jan 17 13:53:01 2012] [debug] Template "exception.development.html.ep" not found.
[Tue Jan 17 13:53:01 2012] [debug] Template "exception.html.ep" not found.
[Tue Jan 17 13:53:01 2012] [fatal] Processing request failed: Can't locate object method "is_multipart" via package "remote_addres" (perhaps you forgot to load "remote_addres"?) at /usr/local/share/perl/5.10.1/Mojo/Message.pm line 46.

[Tue Jan 17 13:53:01 2012] [error] Event "read" failed: Can't locate object method "headers" via package "remote_addres" (perhaps you forgot to load "remote_addres"?) at /usr/local/share/perl/5.10.1/Mojo/Message.pm line 266.

[Tue Jan 17 13:53:05 2012] [debug] GET /register (Mozilla/5.0 (Ubuntu; X11; Linux i686; rv:9.0.1) Gecko/20100101 Firefox/9.0.1).
[Tue Jan 17 13:53:05 2012] [debug] Dispatching "Life25::Site->register".
[Tue Jan 17 13:53:05 2012] [error] Can't locate object method "is_multipart" via package "remote_addres" (perhaps you forgot to load "remote_addres"?) at /usr/local/share/perl/5.10.1/Mojo/Message.pm line 46.

[Tue Jan 17 13:53:05 2012] [debug] Template "exception.development.html.ep" not found.
[Tue Jan 17 13:53:05 2012] [debug] Template "exception.html.ep" not found.
[Tue Jan 17 13:53:05 2012] [fatal] Processing request failed: Can't locate object method "is_multipart" via package "remote_addres" (perhaps you forgot to load "remote_addres"?) at /usr/local/share/perl/5.10.1/Mojo/Message.pm line 46.

[Tue Jan 17 13:53:05 2012] [error] Event "read" failed: Can't locate object method "headers" via package "remote_addres" (perhaps you forgot to load "remote_addres"?) at /usr/local/share/perl/5.10.1/Mojo/Message.pm line 266.

[Tue Jan 17 13:53:13 2012] [info] Server listening (http://*:3000)
[Tue Jan 17 13:53:15 2012] [debug] GET /register (Mozilla/5.0 (Ubuntu; X11; Linux i686; rv:9.0.1) Gecko/20100101 Firefox/9.0.1).
[Tue Jan 17 13:53:15 2012] [debug] Dispatching "Life25::Site->register".
[Tue Jan 17 13:53:15 2012] [debug] Rendering template "site/register.html.ep".
[Tue Jan 17 13:53:15 2012] [debug] Rendering template "layouts/default.html.ep".
[Tue Jan 17 13:53:15 2012] [error] Can't locate object method "is_multipart" via package "remote_addres" (perhaps you forgot to load "remote_addres"?) at /usr/local/share/perl/5.10.1/Mojo/Message.pm line 46.

[Tue Jan 17 13:53:15 2012] [debug] Template "exception.development.html.ep" not found.
[Tue Jan 17 13:53:15 2012] [debug] Template "exception.html.ep" not found.
[Tue Jan 17 13:53:15 2012] [debug] Rendering inline template.
[Tue Jan 17 13:53:15 2012] [fatal] Processing request failed: Can't locate object method "is_multipart" via package "remote_addres" (perhaps you forgot to load "remote_addres"?) at /usr/local/share/perl/5.10.1/Mojo/Message.pm line 46.

[Tue Jan 17 13:53:15 2012] [error] Event "read" failed: Can't locate object method "headers" via package "remote_addres" (perhaps you forgot to load "remote_addres"?) at /usr/local/share/perl/5.10.1/Mojo/Message.pm line 266.

[Tue Jan 17 13:53:19 2012] [debug] GET /register (Mozilla/5.0 (Ubuntu; X11; Linux i686; rv:9.0.1) Gecko/20100101 Firefox/9.0.1).
[Tue Jan 17 13:53:19 2012] [debug] Dispatching "Life25::Site->register".
[Tue Jan 17 13:53:19 2012] [error] Can't locate object method "is_multipart" via package "remote_addres" (perhaps you forgot to load "remote_addres"?) at /usr/local/share/perl/5.10.1/Mojo/Message.pm line 46.

[Tue Jan 17 13:53:19 2012] [debug] Template "exception.development.html.ep" not found.
[Tue Jan 17 13:53:19 2012] [debug] Template "exception.html.ep" not found.
[Tue Jan 17 13:53:19 2012] [fatal] Processing request failed: Can't locate object method "is_multipart" via package "remote_addres" (perhaps you forgot to load "remote_addres"?) at /usr/local/share/perl/5.10.1/Mojo/Message.pm line 46.

[Tue Jan 17 13:53:19 2012] [error] Event "read" failed: Can't locate object method "headers" via package "remote_addres" (perhaps you forgot to load "remote_addres"?) at /usr/local/share/perl/5.10.1/Mojo/Message.pm line 266.

[Tue Jan 17 13:54:42 2012] [debug] GET /register (Mozilla/5.0 (Ubuntu; X11; Linux i686; rv:9.0.1) Gecko/20100101 Firefox/9.0.1).
[Tue Jan 17 13:54:42 2012] [debug] Dispatching "Life25::Site->register".
[Tue Jan 17 13:54:43 2012] [debug] Rendering template "site/register.html.ep".
[Tue Jan 17 13:54:43 2012] [error] syntax error at template "site/register.html.ep" line 14, near "%		if(!$user->is_new && !$user->error) #".
$_M "
9: 
10: 	
11: %		}
12: 	<pre><code>
13: 	% dumper $self
14: 	</code></pre>
15: %		if(!$user->is_new && !$user->error) #
16: %		{
17: 			<h1>Вы успешно зарегистрированы!</h1>
18: %		}
19: %		else

[Tue Jan 17 13:54:43 2012] [debug] Template "exception.development.html.ep" not found.
[Tue Jan 17 13:54:43 2012] [debug] Template "exception.html.ep" not found.
[Tue Jan 17 13:54:43 2012] [debug] Rendering inline template.
[Tue Jan 17 13:54:43 2012] [debug] 500 Internal Server Error (0.736576s, 1.358/s).
[Tue Jan 17 13:54:53 2012] [info] Server listening (http://*:3000)
[Tue Jan 17 13:54:57 2012] [debug] GET /register (Mozilla/5.0 (Ubuntu; X11; Linux i686; rv:9.0.1) Gecko/20100101 Firefox/9.0.1).
[Tue Jan 17 13:54:57 2012] [debug] Dispatching "Life25::Site->register".
[Tue Jan 17 13:54:57 2012] [debug] Rendering template "site/register.html.ep".
[Tue Jan 17 13:54:57 2012] [error] syntax error at template "site/register.html.ep" line 14, near "%		if(!$user->is_new && !$user->error) #".
$_M "
9: 
10: 	
11: %		}
12: 	<pre><code>
13: 	% dumper $self
14: 	</code></pre>
15: %		if(!$user->is_new && !$user->error) #
16: %		{
17: 			<h1>Вы успешно зарегистрированы!</h1>
18: %		}
19: %		else

[Tue Jan 17 13:54:57 2012] [debug] Template "exception.development.html.ep" not found.
[Tue Jan 17 13:54:57 2012] [debug] Template "exception.html.ep" not found.
[Tue Jan 17 13:54:57 2012] [debug] Rendering inline template.
[Tue Jan 17 13:54:57 2012] [debug] 500 Internal Server Error (0.604467s, 1.654/s).
[Tue Jan 17 13:55:38 2012] [debug] GET /register (Mozilla/5.0 (Ubuntu; X11; Linux i686; rv:9.0.1) Gecko/20100101 Firefox/9.0.1).
[Tue Jan 17 13:55:38 2012] [debug] Dispatching "Life25::Site->register".
[Tue Jan 17 13:55:39 2012] [debug] Rendering template "site/register.html.ep".
[Tue Jan 17 13:55:39 2012] [debug] Rendering template "layouts/default.html.ep".
[Tue Jan 17 13:55:39 2012] [debug] 200 OK (0.547498s, 1.826/s).
[Tue Jan 17 13:56:42 2012] [debug] GET /register (Mozilla/5.0 (Ubuntu; X11; Linux i686; rv:9.0.1) Gecko/20100101 Firefox/9.0.1).
[Tue Jan 17 13:56:42 2012] [debug] Dispatching "Life25::Site->register".
[Tue Jan 17 13:56:42 2012] [debug] Rendering template "site/register.html.ep".
[Tue Jan 17 13:56:42 2012] [error] Can't locate object method "tx" via package "Mojo::Message::Response" at template "site/register.html.ep" line 13, near "	</code></pre>".
8: 	</div>
9: 
10: 	
11: %		}
12: 	<pre><code>
13: 	%= dumper $self->res->tx
14: 	</code></pre>
15: %		if(!$user->is_new && !$user->error)
16: %		{
17: 			<h1>Вы успешно зарегистрированы!</h1>
18: %		}

[Tue Jan 17 13:56:42 2012] [debug] Template "exception.development.html.ep" not found.
[Tue Jan 17 13:56:42 2012] [debug] Template "exception.html.ep" not found.
[Tue Jan 17 13:56:42 2012] [debug] Rendering inline template.
[Tue Jan 17 13:56:42 2012] [debug] 500 Internal Server Error (0.663954s, 1.506/s).
[Tue Jan 17 13:57:41 2012] [debug] GET /register (Mozilla/5.0 (Ubuntu; X11; Linux i686; rv:9.0.1) Gecko/20100101 Firefox/9.0.1).
[Tue Jan 17 13:57:41 2012] [debug] Dispatching "Life25::Site->register".
[Tue Jan 17 13:57:42 2012] [debug] Rendering template "site/register.html.ep".
[Tue Jan 17 13:57:42 2012] [debug] Rendering template "layouts/default.html.ep".
[Tue Jan 17 13:57:42 2012] [debug] 200 OK (0.703391s, 1.422/s).
[Tue Jan 17 13:58:05 2012] [debug] GET /register (Mozilla/5.0 (Ubuntu; X11; Linux i686; rv:9.0.1) Gecko/20100101 Firefox/9.0.1).
[Tue Jan 17 13:58:05 2012] [debug] Dispatching "Life25::Site->register".
[Tue Jan 17 13:58:06 2012] [debug] Rendering template "site/register.html.ep".
[Tue Jan 17 13:58:06 2012] [debug] Rendering template "layouts/default.html.ep".
[Tue Jan 17 13:58:06 2012] [debug] 200 OK (0.635918s, 1.573/s).
[Tue Jan 17 15:56:41 2012] [debug] GET /register (Mozilla/5.0 (Ubuntu; X11; Linux i686; rv:9.0.1) Gecko/20100101 Firefox/9.0.1).
[Tue Jan 17 15:56:41 2012] [debug] Dispatching "Life25::Site->register".
[Tue Jan 17 15:56:42 2012] [debug] Rendering template "site/register.html.ep".
[Tue Jan 17 15:56:42 2012] [debug] Rendering template "layouts/default.html.ep".
[Tue Jan 17 15:56:42 2012] [debug] 200 OK (1.069110s, 0.935/s).
[Tue Jan 17 15:58:08 2012] [debug] GET /register (Mozilla/5.0 (Ubuntu; X11; Linux i686; rv:9.0.1) Gecko/20100101 Firefox/9.0.1).
[Tue Jan 17 15:58:08 2012] [debug] Dispatching "Life25::Site->register".
[Tue Jan 17 15:58:08 2012] [debug] Rendering template "site/register.html.ep".
[Tue Jan 17 15:58:08 2012] [debug] Rendering template "layouts/default.html.ep".
[Tue Jan 17 15:58:08 2012] [debug] 200 OK (0.543002s, 1.842/s).
[Tue Jan 17 15:58:25 2012] [debug] GET /register (Mozilla/5.0 (Ubuntu; X11; Linux i686; rv:9.0.1) Gecko/20100101 Firefox/9.0.1).
[Tue Jan 17 15:58:25 2012] [debug] Dispatching "Life25::Site->register".
[Tue Jan 17 15:58:26 2012] [debug] Rendering template "site/register.html.ep".
[Tue Jan 17 15:58:26 2012] [error] Can't locate object method "remote_addres" via package "Mojo::Transaction::HTTP" at template "site/register.html.ep" line 13, near "	</code></pre>".
8: 	</div>
9: 
10: 	
11: %		}
12: 	<pre><code>
13: 	%= dumper $self->tx->remote_addres
14: 	</code></pre>
15: %		if(!$user->is_new && !$user->error)
16: %		{
17: 			<h1>Вы успешно зарегистрированы!</h1>
18: %		}

[Tue Jan 17 15:58:26 2012] [debug] Template "exception.development.html.ep" not found.
[Tue Jan 17 15:58:26 2012] [debug] Template "exception.html.ep" not found.
[Tue Jan 17 15:58:26 2012] [debug] Rendering inline template.
[Tue Jan 17 15:58:26 2012] [debug] 500 Internal Server Error (0.616831s, 1.621/s).
[Tue Jan 17 15:59:05 2012] [debug] GET /register (Mozilla/5.0 (Ubuntu; X11; Linux i686; rv:9.0.1) Gecko/20100101 Firefox/9.0.1).
[Tue Jan 17 15:59:05 2012] [debug] Dispatching "Life25::Site->register".
[Tue Jan 17 15:59:06 2012] [debug] Rendering template "site/register.html.ep".
[Tue Jan 17 15:59:06 2012] [debug] Rendering template "layouts/default.html.ep".
[Tue Jan 17 15:59:06 2012] [debug] 200 OK (0.597294s, 1.674/s).
[Tue Jan 17 16:37:18 2012] [debug] GET /register (Mozilla/5.0 (Ubuntu; X11; Linux i686; rv:9.0.1) Gecko/20100101 Firefox/9.0.1).
[Tue Jan 17 16:37:18 2012] [debug] Dispatching "Life25::Site->register".
[Tue Jan 17 16:37:19 2012] [debug] Rendering template "site/register.html.ep".
[Tue Jan 17 16:37:19 2012] [debug] Rendering template "layouts/default.html.ep".
[Tue Jan 17 16:37:19 2012] [debug] 200 OK (0.584416s, 1.711/s).
